DEBUG:root:Connection Successful at Fri Sep  1 09:53:30 2017
DEBUG:root:Vents Opened at (09:53:36)
DEBUG:root:vents_open at Fri Sep  1 09:53:36 2017
DEBUG:root:Vents Closed at (09:53:37)
DEBUG:root:vents_close at Fri Sep  1 09:53:37 2017
DEBUG:root:Main Closed at (09:53:39)
DEBUG:root:main_close at Fri Sep  1 09:53:39 2017
DEBUG:root:HGPS ON at (09:53:40)
DEBUG:root:HGPS_On at Fri Sep  1 09:53:40 2017
DEBUG:root:HGPS OFF at (09:53:42)
DEBUG:root:HGPS_Off at Fri Sep  1 09:53:42 2017
DEBUG:root:HGPS ON at (09:53:44)
DEBUG:root:HGPS_On at Fri Sep  1 09:53:44 2017
DEBUG:root:HGPS OFF at (09:53:45)
DEBUG:root:HGPS_Off at Fri Sep  1 09:53:45 2017
DEBUG:root:HGPS ON at (09:53:46)
DEBUG:root:HGPS_On at Fri Sep  1 09:53:46 2017
DEBUG:root:Main Closed at (09:53:47)
DEBUG:root:main_close at Fri Sep  1 09:53:47 2017
DEBUG:root:Vents Closed at (09:53:48)
DEBUG:root:vents_close at Fri Sep  1 09:53:48 2017
DEBUG:root:Vents Opened at (09:53:48)
DEBUG:root:vents_open at Fri Sep  1 09:53:48 2017
DEBUG:root:Vents Opened at (09:54:01)
DEBUG:root:vents_open at Fri Sep  1 09:54:01 2017
DEBUG:root:Vents Closed at (09:54:02)
DEBUG:root:vents_close at Fri Sep  1 09:54:02 2017
DEBUG:root:Vents Opened at (09:54:03)
DEBUG:root:vents_open at Fri Sep  1 09:54:03 2017
DEBUG:root:Vents Opened at (09:54:03)
DEBUG:root:vents_open at Fri Sep  1 09:54:03 2017
DEBUG:root:Vents Closed at (09:54:03)
DEBUG:root:vents_close at Fri Sep  1 09:54:03 2017
DEBUG:root:Vents Opened at (09:54:04)
DEBUG:root:vents_open at Fri Sep  1 09:54:04 2017
DEBUG:root:Vents Closed at (09:54:06)
DEBUG:root:vents_close at Fri Sep  1 09:54:06 2017
DEBUG:root:Vents Opened at (09:54:07)
DEBUG:root:vents_open at Fri Sep  1 09:54:07 2017
DEBUG:root:Vents Opened at (09:54:07)
DEBUG:root:vents_open at Fri Sep  1 09:54:07 2017
DEBUG:root:Vents Closed at (09:54:08)
DEBUG:root:vents_close at Fri Sep  1 09:54:08 2017
DEBUG:root:Vents Opened at (09:54:09)
DEBUG:root:vents_open at Fri Sep  1 09:54:09 2017
DEBUG:root:Main Closed at (09:54:11)
DEBUG:root:main_close at Fri Sep  1 09:54:11 2017
