DEBUG:root:Connection Successful at Sat Sep  2 11:44:35 2017
DEBUG:root:Reading at (11:44:36)
DEBUG:root:Started Get Info Timer at (11:44:36)
DEBUG:root:bwire_Broken at Sat Sep  2 11:44:36 2017
DEBUG:root:bwire_status of Broken at Sat Sep  2 11:44:36 2017
DEBUG:root:main_Closed at Sat Sep  2 11:44:36 2017
DEBUG:root:main_status of Closed at Sat Sep  2 11:44:36 2017
DEBUG:root:kero_Closed at Sat Sep  2 11:44:36 2017
DEBUG:root:kero_status of Closed at Sat Sep  2 11:44:36 2017
DEBUG:root:lox_Closed at Sat Sep  2 11:44:43 2017
DEBUG:root:lox_status of Closed at Sat Sep  2 11:44:43 2017
DEBUG:root:lox_Open at Sat Sep  2 11:44:45 2017
DEBUG:root:lox_status of Open at Sat Sep  2 11:44:45 2017
DEBUG:root:lox_Closed at Sat Sep  2 11:47:13 2017
DEBUG:root:lox_status of Closed at Sat Sep  2 11:47:13 2017
DEBUG:root:Vents Opened at (11:47:13)
DEBUG:root:vents_open at Sat Sep  2 11:47:13 2017
DEBUG:root:Vents Opened at (11:47:14)
DEBUG:root:vents_open at Sat Sep  2 11:47:14 2017
DEBUG:root:Vents Opened at (11:47:14)
DEBUG:root:vents_open at Sat Sep  2 11:47:14 2017
DEBUG:root:Vents Opened at (11:47:14)
DEBUG:root:vents_open at Sat Sep  2 11:47:14 2017
DEBUG:root:Main Closed at (11:47:15)
DEBUG:root:main_close at Sat Sep  2 11:47:15 2017
DEBUG:root:Vents Closed at (11:47:15)
DEBUG:root:vents_close at Sat Sep  2 11:47:15 2017
DEBUG:root:lox_Open at Sat Sep  2 11:47:15 2017
DEBUG:root:lox_status of Open at Sat Sep  2 11:47:15 2017
DEBUG:root:Vents Closed at (11:47:16)
DEBUG:root:vents_close at Sat Sep  2 11:47:16 2017
DEBUG:root:Main Closed at (11:47:16)
DEBUG:root:main_close at Sat Sep  2 11:47:16 2017
DEBUG:root:HGPS ON at (11:47:17)
DEBUG:root:HGPS_On at Sat Sep  2 11:47:17 2017
DEBUG:root:HGPS OFF at (11:47:17)
DEBUG:root:HGPS_Off at Sat Sep  2 11:47:17 2017
DEBUG:root:Main Closed at (11:47:18)
DEBUG:root:main_close at Sat Sep  2 11:47:18 2017
DEBUG:root:lox_Closed at Sat Sep  2 11:47:18 2017
DEBUG:root:lox_status of Closed at Sat Sep  2 11:47:18 2017
DEBUG:root:Main Closed at (11:47:18)
DEBUG:root:main_close at Sat Sep  2 11:47:18 2017
DEBUG:root:HGPS ON at (11:47:19)
DEBUG:root:HGPS_On at Sat Sep  2 11:47:19 2017
DEBUG:root:Vents Closed at (11:47:19)
DEBUG:root:vents_close at Sat Sep  2 11:47:19 2017
DEBUG:root:Main Closed at (11:47:20)
DEBUG:root:main_close at Sat Sep  2 11:47:20 2017
DEBUG:root:Main Closed at (11:47:20)
DEBUG:root:main_close at Sat Sep  2 11:47:20 2017
DEBUG:root:lox_Open at Sat Sep  2 11:47:20 2017
DEBUG:root:lox_status of Open at Sat Sep  2 11:47:20 2017
DEBUG:root:Vents Closed at (11:47:20)
DEBUG:root:vents_close at Sat Sep  2 11:47:20 2017
DEBUG:root:Vents Closed at (11:47:21)
DEBUG:root:vents_close at Sat Sep  2 11:47:21 2017
DEBUG:root:Vents Opened at (11:47:21)
DEBUG:root:vents_open at Sat Sep  2 11:47:21 2017
DEBUG:root:HGPS ON at (11:47:22)
DEBUG:root:HGPS_On at Sat Sep  2 11:47:22 2017
DEBUG:root:HGPS ON at (11:47:22)
DEBUG:root:HGPS_On at Sat Sep  2 11:47:22 2017
DEBUG:root:HGPS OFF at (11:47:23)
DEBUG:root:HGPS_Off at Sat Sep  2 11:47:23 2017
DEBUG:root:HGPS ON at (11:47:23)
DEBUG:root:HGPS_On at Sat Sep  2 11:47:23 2017
DEBUG:root:HGPS ON at (11:47:23)
DEBUG:root:HGPS_On at Sat Sep  2 11:47:23 2017
DEBUG:root:HGPS ON at (11:47:23)
DEBUG:root:HGPS_On at Sat Sep  2 11:47:23 2017
DEBUG:root:Main Closed at (11:47:24)
DEBUG:root:main_close at Sat Sep  2 11:47:24 2017
DEBUG:root:Main Closed at (11:47:24)
DEBUG:root:main_close at Sat Sep  2 11:47:24 2017
DEBUG:root:lox_Closed at Sat Sep  2 11:47:25 2017
DEBUG:root:lox_status of Closed at Sat Sep  2 11:47:25 2017
DEBUG:root:HGPS ON at (11:47:25)
DEBUG:root:HGPS_On at Sat Sep  2 11:47:25 2017
DEBUG:root:Vents Closed at (11:47:25)
DEBUG:root:vents_close at Sat Sep  2 11:47:25 2017
DEBUG:root:Vents Closed at (11:47:25)
DEBUG:root:vents_close at Sat Sep  2 11:47:25 2017
DEBUG:root:HGPS ON at (11:47:26)
DEBUG:root:HGPS_On at Sat Sep  2 11:47:26 2017
DEBUG:root:lox_Open at Sat Sep  2 11:47:26 2017
DEBUG:root:lox_status of Open at Sat Sep  2 11:47:26 2017
DEBUG:root:HGPS OFF at (11:47:26)
DEBUG:root:HGPS_Off at Sat Sep  2 11:47:26 2017
DEBUG:root:Launching at Sat Sep  2 11:47:28 2017
DEBUG:root:launch at Sat Sep  2 11:47:28 2017
DEBUG:root:Igniting at (11:47:29)
DEBUG:root:ign1_on at Sat Sep  2 11:47:29 2017
DEBUG:root:lox_Closed at Sat Sep  2 11:47:29 2017
DEBUG:root:lox_status of Closed at Sat Sep  2 11:47:29 2017
DEBUG:root:Ignitor Off at (11:47:29)
DEBUG:root:ign1_off at Sat Sep  2 11:47:29 2017
DEBUG:root:Ignitor Off at (11:47:29)
DEBUG:root:ign1_off at Sat Sep  2 11:47:29 2017
DEBUG:root:Ignitor Off at (11:47:29)
DEBUG:root:ign1_off at Sat Sep  2 11:47:29 2017
DEBUG:root:Launching at Sat Sep  2 11:47:30 2017
DEBUG:root:launch at Sat Sep  2 11:47:30 2017
DEBUG:root:lox_Open at Sat Sep  2 11:47:30 2017
DEBUG:root:lox_status of Open at Sat Sep  2 11:47:30 2017
DEBUG:root:Aborting at (11:47:31)
DEBUG:root:abort at Sat Sep  2 11:47:31 2017
DEBUG:root:Igniting at (11:47:32)
DEBUG:root:ign1_on at Sat Sep  2 11:47:32 2017
DEBUG:root:Launching at Sat Sep  2 11:47:33 2017
DEBUG:root:launch at Sat Sep  2 11:47:33 2017
DEBUG:root:Boosters On at (11:47:34)
DEBUG:root:Boosters On at Sat Sep  2 11:47:34 2017
DEBUG:root:Launching at Sat Sep  2 11:47:37 2017
DEBUG:root:launch at Sat Sep  2 11:47:37 2017
DEBUG:root:Ignitor Off at (11:47:38)
DEBUG:root:ign1_off at Sat Sep  2 11:47:38 2017
DEBUG:root:Igniting at (11:47:39)
DEBUG:root:ign1_on at Sat Sep  2 11:47:39 2017
DEBUG:root:Igniting at (11:47:39)
DEBUG:root:ign1_on at Sat Sep  2 11:47:39 2017
DEBUG:root:Igniting at (11:47:39)
DEBUG:root:ign1_on at Sat Sep  2 11:47:39 2017
DEBUG:root:Launching at Sat Sep  2 11:47:39 2017
DEBUG:root:launch at Sat Sep  2 11:47:39 2017
DEBUG:root:Boosters On at (11:47:40)
DEBUG:root:Boosters On at Sat Sep  2 11:47:40 2017
DEBUG:root:Boosters Off at (11:47:41)
DEBUG:root:Boosters Off at Sat Sep  2 11:47:41 2017
DEBUG:root:Aborting at (11:47:41)
DEBUG:root:abort at Sat Sep  2 11:47:41 2017
DEBUG:root:Igniting at (11:47:42)
DEBUG:root:ign1_on at Sat Sep  2 11:47:42 2017
DEBUG:root:Launching at Sat Sep  2 11:47:42 2017
DEBUG:root:launch at Sat Sep  2 11:47:42 2017
DEBUG:root:Launching at Sat Sep  2 11:47:42 2017
DEBUG:root:launch at Sat Sep  2 11:47:42 2017
DEBUG:root:Main Closed at (11:47:44)
DEBUG:root:main_close at Sat Sep  2 11:47:44 2017
DEBUG:root:HGPS ON at (11:47:44)
DEBUG:root:HGPS_On at Sat Sep  2 11:47:44 2017
DEBUG:root:HGPS ON at (11:47:44)
DEBUG:root:HGPS_On at Sat Sep  2 11:47:44 2017
DEBUG:root:Vents Opened at (11:47:44)
DEBUG:root:vents_open at Sat Sep  2 11:47:44 2017
DEBUG:root:Vents Opened at (11:47:45)
DEBUG:root:vents_open at Sat Sep  2 11:47:45 2017
DEBUG:root:Connection Successful at Sat Sep  2 11:47:48 2017
DEBUG:root:Vents Opened at (11:48:00)
DEBUG:root:vents_open at Sat Sep  2 11:48:00 2017
DEBUG:root:Vents Closed at (11:48:01)
DEBUG:root:vents_close at Sat Sep  2 11:48:01 2017
DEBUG:root:Vents Opened at (11:48:01)
DEBUG:root:vents_open at Sat Sep  2 11:48:01 2017
DEBUG:root:Vents Closed at (11:48:02)
DEBUG:root:vents_close at Sat Sep  2 11:48:02 2017
DEBUG:root:HGPS ON at (11:48:02)
DEBUG:root:HGPS_On at Sat Sep  2 11:48:02 2017
DEBUG:root:HGPS ON at (11:48:03)
DEBUG:root:HGPS_On at Sat Sep  2 11:48:03 2017
DEBUG:root:HGPS OFF at (11:48:04)
DEBUG:root:HGPS_Off at Sat Sep  2 11:48:04 2017
DEBUG:root:HGPS ON at (11:48:04)
DEBUG:root:HGPS_On at Sat Sep  2 11:48:04 2017
DEBUG:root:Main Closed at (11:48:05)
DEBUG:root:main_close at Sat Sep  2 11:48:05 2017
DEBUG:root:Vents Closed at (11:48:05)
DEBUG:root:vents_close at Sat Sep  2 11:48:05 2017
DEBUG:root:Vents Opened at (11:48:06)
DEBUG:root:vents_open at Sat Sep  2 11:48:06 2017
DEBUG:root:Launching at Sat Sep  2 11:48:06 2017
DEBUG:root:launch at Sat Sep  2 11:48:06 2017
DEBUG:root:Igniting at (11:48:06)
DEBUG:root:ign1_on at Sat Sep  2 11:48:06 2017
DEBUG:root:Ignitor Off at (11:48:07)
DEBUG:root:ign1_off at Sat Sep  2 11:48:07 2017
DEBUG:root:Boosters On at (11:48:08)
DEBUG:root:Boosters On at Sat Sep  2 11:48:08 2017
DEBUG:root:Boosters Off at (11:48:08)
DEBUG:root:Boosters Off at Sat Sep  2 11:48:08 2017
DEBUG:root:Aborting at (11:48:08)
DEBUG:root:abort at Sat Sep  2 11:48:08 2017
DEBUG:root:Vents Closed at (11:48:55)
DEBUG:root:vents_close at Sat Sep  2 11:48:55 2017
DEBUG:root:Main Closed at (11:48:56)
DEBUG:root:main_close at Sat Sep  2 11:48:56 2017
DEBUG:root:Aborting at (11:48:57)
DEBUG:root:abort at Sat Sep  2 11:48:57 2017
DEBUG:root:Boosters Off at (11:49:01)
DEBUG:root:Boosters Off at Sat Sep  2 11:49:01 2017
DEBUG:root:Ignitor Off at (11:49:02)
DEBUG:root:ign1_off at Sat Sep  2 11:49:02 2017
DEBUG:root:HGPS OFF at (11:49:04)
DEBUG:root:HGPS_Off at Sat Sep  2 11:49:04 2017
DEBUG:root:Main Closed at (11:49:05)
DEBUG:root:main_close at Sat Sep  2 11:49:05 2017
DEBUG:root:Vents Closed at (11:49:05)
DEBUG:root:vents_close at Sat Sep  2 11:49:05 2017
DEBUG:root:Main Closed at (11:49:06)
DEBUG:root:main_close at Sat Sep  2 11:49:06 2017
DEBUG:root:Main Closed at (11:49:06)
DEBUG:root:main_close at Sat Sep  2 11:49:06 2017
DEBUG:root:Aborting at (11:49:07)
DEBUG:root:abort at Sat Sep  2 11:49:07 2017
DEBUG:root:Vents Opened at (11:49:12)
DEBUG:root:vents_open at Sat Sep  2 11:49:12 2017
DEBUG:root:Launching at Sat Sep  2 11:49:14 2017
DEBUG:root:launch at Sat Sep  2 11:49:14 2017
DEBUG:root:Igniting at (11:49:15)
DEBUG:root:ign1_on at Sat Sep  2 11:49:15 2017
DEBUG:root:Boosters On at (11:49:16)
DEBUG:root:Boosters On at Sat Sep  2 11:49:16 2017
DEBUG:root:HGPS ON at (11:49:17)
DEBUG:root:HGPS_On at Sat Sep  2 11:49:17 2017
DEBUG:root:Vents Opened at (11:49:41)
DEBUG:root:vents_open at Sat Sep  2 11:49:41 2017
DEBUG:root:Vents Opened at (11:49:46)
DEBUG:root:vents_open at Sat Sep  2 11:49:46 2017
DEBUG:root:Vents Opened at (11:49:47)
DEBUG:root:vents_open at Sat Sep  2 11:49:47 2017
DEBUG:root:Vents Opened at (11:49:47)
DEBUG:root:vents_open at Sat Sep  2 11:49:47 2017
DEBUG:root:Vents Opened at (11:49:48)
DEBUG:root:vents_open at Sat Sep  2 11:49:48 2017
DEBUG:root:Vents Opened at (11:49:58)
DEBUG:root:vents_open at Sat Sep  2 11:49:58 2017
DEBUG:root:Vents Closed at (11:49:58)
DEBUG:root:vents_close at Sat Sep  2 11:49:58 2017
DEBUG:root:Main Closed at (11:49:59)
DEBUG:root:main_close at Sat Sep  2 11:49:59 2017
DEBUG:root:HGPS ON at (11:49:59)
DEBUG:root:HGPS_On at Sat Sep  2 11:49:59 2017
DEBUG:root:HGPS OFF at (11:50:00)
DEBUG:root:HGPS_Off at Sat Sep  2 11:50:00 2017
DEBUG:root:Launching at Sat Sep  2 11:50:00 2017
DEBUG:root:launch at Sat Sep  2 11:50:00 2017
DEBUG:root:Igniting at (11:50:01)
DEBUG:root:ign1_on at Sat Sep  2 11:50:01 2017
DEBUG:root:Ignitor Off at (11:50:01)
DEBUG:root:ign1_off at Sat Sep  2 11:50:01 2017
DEBUG:root:Boosters On at (11:50:02)
DEBUG:root:Boosters On at Sat Sep  2 11:50:02 2017
DEBUG:root:Aborting at (11:50:02)
DEBUG:root:abort at Sat Sep  2 11:50:02 2017
DEBUG:root:Boosters Off at (11:50:02)
DEBUG:root:Boosters Off at Sat Sep  2 11:50:02 2017
DEBUG:root:Launching at Sat Sep  2 11:50:12 2017
DEBUG:root:launch at Sat Sep  2 11:50:12 2017
DEBUG:root:Launching at Sat Sep  2 11:50:13 2017
DEBUG:root:launch at Sat Sep  2 11:50:13 2017
DEBUG:root:Aborting at (11:50:15)
DEBUG:root:abort at Sat Sep  2 11:50:15 2017
DEBUG:root:Launching at Sat Sep  2 11:50:18 2017
DEBUG:root:launch at Sat Sep  2 11:50:18 2017
DEBUG:root:Aborting at (11:50:20)
DEBUG:root:abort at Sat Sep  2 11:50:20 2017
DEBUG:root:Vents Opened at (11:50:22)
DEBUG:root:vents_open at Sat Sep  2 11:50:22 2017
DEBUG:root:Vents Closed at (11:50:24)
DEBUG:root:vents_close at Sat Sep  2 11:50:24 2017
DEBUG:root:Vents Opened at (11:52:09)
DEBUG:root:vents_open at Sat Sep  2 11:52:09 2017
DEBUG:root:Vents Closed at (11:52:10)
DEBUG:root:vents_close at Sat Sep  2 11:52:10 2017
DEBUG:root:Launching at Sat Sep  2 11:52:10 2017
DEBUG:root:launch at Sat Sep  2 11:52:10 2017
DEBUG:root:Aborting at (11:52:14)
DEBUG:root:abort at Sat Sep  2 11:52:14 2017
DEBUG:root:Vents Opened at (11:52:17)
DEBUG:root:vents_open at Sat Sep  2 11:52:17 2017
DEBUG:root:Vents Closed at (11:52:19)
DEBUG:root:vents_close at Sat Sep  2 11:52:19 2017
DEBUG:root:Main Closed at (11:52:20)
DEBUG:root:main_close at Sat Sep  2 11:52:20 2017
DEBUG:root:Launching at Sat Sep  2 11:52:22 2017
DEBUG:root:launch at Sat Sep  2 11:52:22 2017
DEBUG:root:Main Closed at (11:52:23)
DEBUG:root:main_close at Sat Sep  2 11:52:23 2017
DEBUG:root:Aborting at (11:52:31)
DEBUG:root:abort at Sat Sep  2 11:52:31 2017
DEBUG:root:Launching at Sat Sep  2 11:52:32 2017
DEBUG:root:launch at Sat Sep  2 11:52:32 2017
DEBUG:root:Aborting at (11:52:33)
DEBUG:root:abort at Sat Sep  2 11:52:33 2017
DEBUG:root:Launching at Sat Sep  2 11:52:36 2017
DEBUG:root:launch at Sat Sep  2 11:52:36 2017
DEBUG:root:Aborting at (11:52:39)
DEBUG:root:abort at Sat Sep  2 11:52:39 2017
DEBUG:root:Vents Opened at (11:53:11)
DEBUG:root:vents_open at Sat Sep  2 11:53:11 2017
DEBUG:root:Vents Closed at (11:53:12)
DEBUG:root:vents_close at Sat Sep  2 11:53:12 2017
DEBUG:root:Vents Opened at (11:53:17)
DEBUG:root:vents_open at Sat Sep  2 11:53:17 2017
DEBUG:root:Vents Closed at (11:53:17)
DEBUG:root:vents_close at Sat Sep  2 11:53:17 2017
