DEBUG:root:Connection Successful at Fri Sep  1 13:19:24 2017
DEBUG:root:Vents Opened at (13:19:26)
DEBUG:root:vents_open at Fri Sep  1 13:19:26 2017
DEBUG:root:Vents Closed at (13:19:26)
DEBUG:root:vents_close at Fri Sep  1 13:19:26 2017
DEBUG:root:Launching at Fri Sep  1 13:19:32 2017
DEBUG:root:launch at Fri Sep  1 13:19:32 2017
DEBUG:root:Igniting at (13:19:33)
DEBUG:root:ign1_on at Fri Sep  1 13:19:33 2017
DEBUG:root:Aborting at (13:19:35)
DEBUG:root:abort at Fri Sep  1 13:19:35 2017
DEBUG:root:Boosters Off at (13:19:38)
DEBUG:root:Boosters Off at Fri Sep  1 13:19:38 2017
DEBUG:root:Vents Closed at (13:23:36)
DEBUG:root:vents_close at Fri Sep  1 13:23:36 2017
DEBUG:root:Main Closed at (13:23:36)
DEBUG:root:main_close at Fri Sep  1 13:23:36 2017
DEBUG:root:HGPS ON at (13:23:37)
DEBUG:root:HGPS_On at Fri Sep  1 13:23:37 2017
DEBUG:root:Reading at (13:24:20)
DEBUG:root:Started Get Info Timer at (13:24:20)
