DEBUG:root:Connection Successful at Sat Sep  2 13:29:39 2017
DEBUG:root:Vents Opened at (13:29:40)
DEBUG:root:vents_open at Sat Sep  2 13:29:40 2017
DEBUG:root:Igniting at (13:29:43)
DEBUG:root:ign1_on at Sat Sep  2 13:29:43 2017
DEBUG:root:Launching at Sat Sep  2 13:29:44 2017
DEBUG:root:launch at Sat Sep  2 13:29:44 2017
DEBUG:root:Boosters On at (13:29:46)
DEBUG:root:Boosters On at Sat Sep  2 13:29:46 2017
DEBUG:root:Vents Opened at (13:29:47)
DEBUG:root:vents_open at Sat Sep  2 13:29:47 2017
DEBUG:root:Vents Opened at (13:30:10)
DEBUG:root:vents_open at Sat Sep  2 13:30:10 2017
DEBUG:root:Launching at Sat Sep  2 13:30:11 2017
DEBUG:root:launch at Sat Sep  2 13:30:11 2017
DEBUG:root:Igniting at (13:30:12)
DEBUG:root:ign1_on at Sat Sep  2 13:30:12 2017
DEBUG:root:Boosters On at (13:30:12)
DEBUG:root:Boosters On at Sat Sep  2 13:30:12 2017
DEBUG:root:HGPS ON at (13:30:13)
DEBUG:root:HGPS_On at Sat Sep  2 13:30:13 2017
DEBUG:root:Vents Closed at (13:30:18)
DEBUG:root:vents_close at Sat Sep  2 13:30:18 2017
DEBUG:root:Main Closed at (13:30:19)
DEBUG:root:main_close at Sat Sep  2 13:30:19 2017
DEBUG:root:Vents Opened at (13:30:25)
DEBUG:root:vents_open at Sat Sep  2 13:30:25 2017
DEBUG:root:Vents Closed at (13:30:27)
DEBUG:root:vents_close at Sat Sep  2 13:30:27 2017
DEBUG:root:Vents Opened at (13:30:28)
DEBUG:root:vents_open at Sat Sep  2 13:30:28 2017
DEBUG:root:Vents Closed at (13:30:29)
DEBUG:root:vents_close at Sat Sep  2 13:30:29 2017
DEBUG:root:Vents Opened at (13:30:30)
DEBUG:root:vents_open at Sat Sep  2 13:30:30 2017
DEBUG:root:Vents Closed at (13:30:30)
DEBUG:root:vents_close at Sat Sep  2 13:30:30 2017
DEBUG:root:Vents Opened at (13:30:31)
DEBUG:root:vents_open at Sat Sep  2 13:30:31 2017
DEBUG:root:Vents Closed at (13:30:32)
DEBUG:root:vents_close at Sat Sep  2 13:30:32 2017
DEBUG:root:Main Closed at (13:30:34)
DEBUG:root:main_close at Sat Sep  2 13:30:34 2017
DEBUG:root:HGPS ON at (13:30:35)
DEBUG:root:HGPS_On at Sat Sep  2 13:30:35 2017
DEBUG:root:HGPS OFF at (13:30:36)
DEBUG:root:HGPS_Off at Sat Sep  2 13:30:36 2017
DEBUG:root:Igniting at (13:30:38)
DEBUG:root:ign1_on at Sat Sep  2 13:30:38 2017
DEBUG:root:Launching at Sat Sep  2 13:30:39 2017
DEBUG:root:launch at Sat Sep  2 13:30:39 2017
DEBUG:root:Ignitor Off at (13:30:41)
DEBUG:root:ign1_off at Sat Sep  2 13:30:41 2017
DEBUG:root:Launching at Sat Sep  2 13:30:42 2017
DEBUG:root:launch at Sat Sep  2 13:30:42 2017
DEBUG:root:Aborting at (13:30:43)
DEBUG:root:abort at Sat Sep  2 13:30:43 2017
DEBUG:root:Boosters On at (13:30:43)
DEBUG:root:Boosters On at Sat Sep  2 13:30:43 2017
DEBUG:root:Boosters Off at (13:30:44)
DEBUG:root:Boosters Off at Sat Sep  2 13:30:44 2017
DEBUG:root:Boosters On at (13:30:44)
DEBUG:root:Boosters On at Sat Sep  2 13:30:44 2017
DEBUG:root:Boosters Off at (13:30:45)
DEBUG:root:Boosters Off at Sat Sep  2 13:30:45 2017
DEBUG:root:Igniting at (13:30:46)
DEBUG:root:ign1_on at Sat Sep  2 13:30:46 2017
DEBUG:root:Boosters Off at (13:30:47)
DEBUG:root:Boosters Off at Sat Sep  2 13:30:47 2017
DEBUG:root:Vents Closed at (13:31:32)
DEBUG:root:vents_close at Sat Sep  2 13:31:32 2017
DEBUG:root:Aborting at (13:31:33)
DEBUG:root:abort at Sat Sep  2 13:31:33 2017
DEBUG:root:HGPS OFF at (13:31:35)
DEBUG:root:HGPS_Off at Sat Sep  2 13:31:35 2017
DEBUG:root:Vents Closed at (13:31:36)
DEBUG:root:vents_close at Sat Sep  2 13:31:36 2017
DEBUG:root:Main Closed at (13:31:37)
DEBUG:root:main_close at Sat Sep  2 13:31:37 2017
DEBUG:root:Boosters Off at (13:31:38)
DEBUG:root:Boosters Off at Sat Sep  2 13:31:38 2017
DEBUG:root:Ignitor Off at (13:31:39)
DEBUG:root:ign1_off at Sat Sep  2 13:31:39 2017
DEBUG:root:Launching at Sat Sep  2 13:31:44 2017
DEBUG:root:launch at Sat Sep  2 13:31:44 2017
DEBUG:root:Aborting at (13:31:45)
DEBUG:root:abort at Sat Sep  2 13:31:45 2017
DEBUG:root:Launching at Sat Sep  2 13:31:46 2017
DEBUG:root:launch at Sat Sep  2 13:31:46 2017
DEBUG:root:Aborting at (13:31:47)
DEBUG:root:abort at Sat Sep  2 13:31:47 2017
DEBUG:root:Launching at Sat Sep  2 13:31:49 2017
DEBUG:root:launch at Sat Sep  2 13:31:49 2017
DEBUG:root:Aborting at (13:31:50)
DEBUG:root:abort at Sat Sep  2 13:31:50 2017
DEBUG:root:Igniting at (13:31:50)
DEBUG:root:ign1_on at Sat Sep  2 13:31:50 2017
DEBUG:root:Ignitor Off at (13:31:51)
DEBUG:root:ign1_off at Sat Sep  2 13:31:51 2017
DEBUG:root:Boosters On at (13:31:52)
DEBUG:root:Boosters On at Sat Sep  2 13:31:52 2017
DEBUG:root:Boosters Off at (13:31:54)
DEBUG:root:Boosters Off at Sat Sep  2 13:31:54 2017
DEBUG:root:Vents Opened at (13:31:55)
DEBUG:root:vents_open at Sat Sep  2 13:31:55 2017
DEBUG:root:Vents Closed at (13:31:59)
DEBUG:root:vents_close at Sat Sep  2 13:31:59 2017
DEBUG:root:Vents Opened at (13:32:00)
DEBUG:root:vents_open at Sat Sep  2 13:32:00 2017
DEBUG:root:Vents Closed at (13:32:01)
DEBUG:root:vents_close at Sat Sep  2 13:32:01 2017
DEBUG:root:Vents Opened at (13:32:01)
DEBUG:root:vents_open at Sat Sep  2 13:32:01 2017
DEBUG:root:Vents Closed at (13:32:02)
DEBUG:root:vents_close at Sat Sep  2 13:32:02 2017
DEBUG:root:Vents Opened at (13:32:02)
DEBUG:root:vents_open at Sat Sep  2 13:32:02 2017
DEBUG:root:Launching at Sat Sep  2 13:32:03 2017
DEBUG:root:launch at Sat Sep  2 13:32:03 2017
DEBUG:root:Aborting at (13:32:04)
DEBUG:root:abort at Sat Sep  2 13:32:04 2017
DEBUG:root:Launching at Sat Sep  2 13:32:05 2017
DEBUG:root:launch at Sat Sep  2 13:32:05 2017
DEBUG:root:Aborting at (13:32:06)
DEBUG:root:abort at Sat Sep  2 13:32:06 2017
DEBUG:root:Vents Opened at (13:32:12)
DEBUG:root:vents_open at Sat Sep  2 13:32:12 2017
DEBUG:root:Vents Closed at (13:32:12)
DEBUG:root:vents_close at Sat Sep  2 13:32:12 2017
DEBUG:root:Vents Opened at (13:32:13)
DEBUG:root:vents_open at Sat Sep  2 13:32:13 2017
DEBUG:root:Vents Closed at (13:32:15)
DEBUG:root:vents_close at Sat Sep  2 13:32:15 2017
DEBUG:root:Launching at Sat Sep  2 13:32:20 2017
DEBUG:root:launch at Sat Sep  2 13:32:20 2017
DEBUG:root:Aborting at (13:32:22)
DEBUG:root:abort at Sat Sep  2 13:32:22 2017
DEBUG:root:Vents Opened at (13:32:28)
DEBUG:root:vents_open at Sat Sep  2 13:32:28 2017
DEBUG:root:Launching at Sat Sep  2 13:32:29 2017
DEBUG:root:launch at Sat Sep  2 13:32:29 2017
DEBUG:root:Aborting at (13:32:31)
DEBUG:root:abort at Sat Sep  2 13:32:31 2017
DEBUG:root:Vents Opened at (13:32:37)
DEBUG:root:vents_open at Sat Sep  2 13:32:37 2017
DEBUG:root:Vents Opened at (13:32:38)
DEBUG:root:vents_open at Sat Sep  2 13:32:38 2017
DEBUG:root:Vents Opened at (13:32:38)
DEBUG:root:vents_open at Sat Sep  2 13:32:38 2017
DEBUG:root:Vents Closed at (13:32:39)
DEBUG:root:vents_close at Sat Sep  2 13:32:39 2017
DEBUG:root:Vents Opened at (13:32:40)
DEBUG:root:vents_open at Sat Sep  2 13:32:40 2017
DEBUG:root:Vents Closed at (13:32:41)
DEBUG:root:vents_close at Sat Sep  2 13:32:41 2017
DEBUG:root:Vents Opened at (13:32:42)
DEBUG:root:vents_open at Sat Sep  2 13:32:42 2017
DEBUG:root:Vents Closed at (13:32:42)
DEBUG:root:vents_close at Sat Sep  2 13:32:42 2017
DEBUG:root:Vents Opened at (13:32:52)
DEBUG:root:vents_open at Sat Sep  2 13:32:52 2017
DEBUG:root:Vents Closed at (13:32:53)
DEBUG:root:vents_close at Sat Sep  2 13:32:53 2017
DEBUG:root:Vents Opened at (13:32:54)
DEBUG:root:vents_open at Sat Sep  2 13:32:54 2017
DEBUG:root:Aborting at (13:32:55)
DEBUG:root:abort at Sat Sep  2 13:32:55 2017
DEBUG:root:Launching at Sat Sep  2 13:32:57 2017
DEBUG:root:launch at Sat Sep  2 13:32:57 2017
DEBUG:root:Aborting at (13:32:59)
DEBUG:root:abort at Sat Sep  2 13:32:59 2017
